  Bullet.cpp
  Enemy.cpp
  Game.cpp
D:\dev\bullethellgame\bullethellgame\Game.cpp(36,21): warning C4305: '=': truncation from 'double' to 'float'
D:\dev\bullethellgame\bullethellgame\Game.cpp(128,29): warning C4018: '<': signed/unsigned mismatch
D:\dev\bullethellgame\bullethellgame\Game.cpp(151,75): warning C4244: 'argument': conversion from 'T' to 'T', possible loss of data
D:\dev\bullethellgame\bullethellgame\Game.cpp(151,75): warning C4244:         with
D:\dev\bullethellgame\bullethellgame\Game.cpp(151,75): warning C4244:         [
D:\dev\bullethellgame\bullethellgame\Game.cpp(151,75): warning C4244:             T=unsigned int
D:\dev\bullethellgame\bullethellgame\Game.cpp(151,75): warning C4244:         ]
D:\dev\bullethellgame\bullethellgame\Game.cpp(151,75): warning C4244:         and
D:\dev\bullethellgame\bullethellgame\Game.cpp(151,75): warning C4244:         [
D:\dev\bullethellgame\bullethellgame\Game.cpp(151,75): warning C4244:             T=float
D:\dev\bullethellgame\bullethellgame\Game.cpp(151,75): warning C4244:         ]
D:\dev\bullethellgame\bullethellgame\Game.cpp(151,53): warning C4244: 'argument': conversion from 'T' to 'T', possible loss of data
D:\dev\bullethellgame\bullethellgame\Game.cpp(151,53): warning C4244:         with
D:\dev\bullethellgame\bullethellgame\Game.cpp(151,53): warning C4244:         [
D:\dev\bullethellgame\bullethellgame\Game.cpp(151,53): warning C4244:             T=unsigned int
D:\dev\bullethellgame\bullethellgame\Game.cpp(151,53): warning C4244:         ]
D:\dev\bullethellgame\bullethellgame\Game.cpp(151,53): warning C4244:         and
D:\dev\bullethellgame\bullethellgame\Game.cpp(151,53): warning C4244:         [
D:\dev\bullethellgame\bullethellgame\Game.cpp(151,53): warning C4244:             T=float
D:\dev\bullethellgame\bullethellgame\Game.cpp(151,53): warning C4244:         ]
D:\dev\bullethellgame\bullethellgame\Game.cpp(173,32): warning C4018: '<': signed/unsigned mismatch
D:\dev\bullethellgame\bullethellgame\Game.cpp(196,75): warning C4244: 'argument': conversion from 'T' to 'T', possible loss of data
D:\dev\bullethellgame\bullethellgame\Game.cpp(196,75): warning C4244:         with
D:\dev\bullethellgame\bullethellgame\Game.cpp(196,75): warning C4244:         [
D:\dev\bullethellgame\bullethellgame\Game.cpp(196,75): warning C4244:             T=unsigned int
D:\dev\bullethellgame\bullethellgame\Game.cpp(196,75): warning C4244:         ]
D:\dev\bullethellgame\bullethellgame\Game.cpp(196,75): warning C4244:         and
D:\dev\bullethellgame\bullethellgame\Game.cpp(196,75): warning C4244:         [
D:\dev\bullethellgame\bullethellgame\Game.cpp(196,75): warning C4244:             T=float
D:\dev\bullethellgame\bullethellgame\Game.cpp(196,75): warning C4244:         ]
D:\dev\bullethellgame\bullethellgame\Game.cpp(196,53): warning C4244: 'argument': conversion from 'T' to 'T', possible loss of data
D:\dev\bullethellgame\bullethellgame\Game.cpp(196,53): warning C4244:         with
D:\dev\bullethellgame\bullethellgame\Game.cpp(196,53): warning C4244:         [
D:\dev\bullethellgame\bullethellgame\Game.cpp(196,53): warning C4244:             T=unsigned int
D:\dev\bullethellgame\bullethellgame\Game.cpp(196,53): warning C4244:         ]
D:\dev\bullethellgame\bullethellgame\Game.cpp(196,53): warning C4244:         and
D:\dev\bullethellgame\bullethellgame\Game.cpp(196,53): warning C4244:         [
D:\dev\bullethellgame\bullethellgame\Game.cpp(196,53): warning C4244:             T=float
D:\dev\bullethellgame\bullethellgame\Game.cpp(196,53): warning C4244:         ]
  Projectile.cpp
  main.cpp
  Generating code
  Compiler switch has changed, fall back to full compilation.
  All 312 functions were compiled because no usable IPDB/IOBJ from previous compilation was found.
  Finished generating code
  bullethellgame.vcxproj -> D:\dev\bullethellgame\Release\bullethellgame.exe
